#
# A fatal error has been detected by the Java Runtime Environment:
#
#  Internal Error (javaClasses.cpp:136), pid=21200, tid=20684
#  fatal error: Invalid layout of preloaded class
#
# JRE version:  (7.0_67-b01) (build )
# Java VM: Java HotSpot(TM) Client VM (24.65-b04 mixed mode windows-x86 )
# Failed to write core dump. Minidumps are not enabled by default on client versions of Windows
#
# If you would like to submit a bug report, please visit:
#   http://bugreport.sun.com/bugreport/crash.jsp
#

---------------  T H R E A D  ---------------

Current thread (0x00e3c400):  JavaThread "Unknown thread" [_thread_in_vm, id=20684, stack(0x00ea0000,0x00ef0000)]

Stack: [0x00ea0000,0x00ef0000],  sp=0x00eef9e0,  free space=318k
Native frames: (J=compiled Java code, j=interpreted, Vv=VM code, C=native code)
V  [jvm.dll+0x190494]
V  [jvm.dll+0x18a116]
V  [jvm.dll+0x35d7a]
V  [jvm.dll+0x35e06]
V  [jvm.dll+0x4465d]
V  [jvm.dll+0x4490e]
V  [jvm.dll+0x92f8a]
V  [jvm.dll+0x9333b]
V  [jvm.dll+0x13fa31]
V  [jvm.dll+0x1626fc]
V  [jvm.dll+0xc9d6f]
C  [javaw.exe+0x13ce]
C  [javaw.exe+0x1e40]
C  [javaw.exe+0xa601]
C  [javaw.exe+0xa68b]
C  [kernel32.dll+0x1338a]
C  [ntdll.dll+0x39f72]
C  [ntdll.dll+0x39f45]


---------------  P R O C E S S  ---------------

Java Threads: ( => current thread )

Other Threads:

=>0x00e3c400 (exited) JavaThread "Unknown thread" [_thread_in_vm, id=20684, stack(0x00ea0000,0x00ef0000)]

VM state:not at safepoint (not fully initialized)

VM Mutex/Monitor currently owned by a thread: None

GC Heap History (0 events):
No events

Deoptimization events (0 events):
No events

Internal exceptions (0 events):
No events

Events (10 events):
Event: 0.009 loading class 0x0087a928 done
Event: 0.009 loading class 0x0087a3b8 done
Event: 0.009 loading class 0x0087a398
Event: 0.009 loading class 0x00881708
Event: 0.009 loading class 0x00881708 done
Event: 0.009 loading class 0x00881738
Event: 0.009 loading class 0x00881738 done
Event: 0.009 loading class 0x00881768
Event: 0.009 loading class 0x00881768 done
Event: 0.010 loading class 0x0087a398 done


Dynamic libraries:
0x013a0000 - 0x013cf000 	C:\Program Files (x86)\Java\jre7\bin\javaw.exe
0x774b0000 - 0x77630000 	C:\Windows\SysWOW64\ntdll.dll
0x75a50000 - 0x75b60000 	C:\Windows\syswow64\kernel32.dll
0x75c10000 - 0x75c57000 	C:\Windows\syswow64\KERNELBASE.dll
0x75c70000 - 0x75d10000 	C:\Windows\syswow64\ADVAPI32.dll
0x74f00000 - 0x74fac000 	C:\Windows\syswow64\msvcrt.dll
0x75b70000 - 0x75b89000 	C:\Windows\SysWOW64\sechost.dll
0x75840000 - 0x75930000 	C:\Windows\syswow64\RPCRT4.dll
0x74ea0000 - 0x74f00000 	C:\Windows\syswow64\SspiCli.dll
0x74e90000 - 0x74e9c000 	C:\Windows\syswow64\CRYPTBASE.dll
0x75740000 - 0x75840000 	C:\Windows\syswow64\USER32.dll
0x75ea0000 - 0x75f30000 	C:\Windows\syswow64\GDI32.dll
0x75230000 - 0x7523a000 	C:\Windows\syswow64\LPK.dll
0x75e00000 - 0x75e9d000 	C:\Windows\syswow64\USP10.dll
0x6b4b0000 - 0x6b64e000 	C:\Windows\WinSxS\x86_microsoft.windows.common-controls_6595b64144ccf1df_6.0.7601.17514_none_41e6975e2bd6f2b2\COMCTL32.dll
0x75180000 - 0x751d7000 	C:\Windows\syswow64\SHLWAPI.dll
0x75630000 - 0x75690000 	C:\Windows\system32\IMM32.DLL
0x76fe0000 - 0x770ac000 	C:\Windows\syswow64\MSCTF.dll
0x53700000 - 0x537bf000 	C:\Program Files (x86)\Java\jre7\bin\msvcr100.dll
0x53370000 - 0x536f8000 	C:\Program Files (x86)\Java\jre7\bin\client\jvm.dll
0x71a10000 - 0x71a17000 	C:\Windows\system32\WSOCK32.dll
0x75db0000 - 0x75de5000 	C:\Windows\syswow64\WS2_32.dll
0x751f0000 - 0x751f6000 	C:\Windows\syswow64\NSI.dll
0x72f00000 - 0x72f32000 	C:\Windows\system32\WINMM.dll
0x75460000 - 0x75465000 	C:\Windows\syswow64\PSAPI.DLL
0x54c70000 - 0x54c7c000 	C:\Program Files (x86)\Java\jre7\bin\verify.dll
0x54ac0000 - 0x54ae0000 	C:\Program Files (x86)\Java\jre7\bin\java.dll
0x53860000 - 0x53873000 	C:\Program Files (x86)\Java\jre7\bin\zip.dll
0x6b7b0000 - 0x6b89b000 	C:\Windows\system32\dbghelp.dll

VM Arguments:
jvm_args: -Dfile.encoding=Cp1252 -Xbootclasspath/p:D:\LAMVIEC\adt-bundle-windows-x86_64-20140624\sdk\platforms\android-19\android.jar 
java_command: vn.mhst24.test.User
Launcher Type: SUN_STANDARD

Environment Variables:
PATH=C:\Program Files\ImageMagick-6.8.9-Q16;C:\Program Files\ImageMagick-6.8.9-Q8;C:\Program Files\Dell\DW WLAN Card;C:\Windows\system32;C:\Windows;C:\Windows\System32\Wbem;C:\Windows\System32\WindowsPowerShell\v1.0\;C:\Program Files\WIDCOMM\Bluetooth Software\;C:\Program Files\WIDCOMM\Bluetooth Software\syswow64;C:\Program Files (x86)\Microsoft SQL Server\100\Tools\Binn\;C:\Program Files\Microsoft SQL Server\100\Tools\Binn\;C:\Program Files\Microsoft SQL Server\100\DTS\Binn\;C:\Program Files (x86)\Rational\common;C:\Program Files (x86)\Microsoft SQL Server\100\Tools\Binn\VSShell\Common7\IDE\;C:\Program Files (x86)\Microsoft SQL Server\100\DTS\Binn\;C:\Program Files (x86)\Microsoft Visual Studio 9.0\Common7\IDE\PrivateAssemblies\;C:\Program Files\TortoiseSVN\bin;C:\Ruby200-x64\bin
USERNAME=VIETTUNG
OS=Windows_NT
PROCESSOR_IDENTIFIER=Intel64 Family 6 Model 42 Stepping 7, GenuineIntel



---------------  S Y S T E M  ---------------

OS: Windows 7 , 64 bit Build 7601 Service Pack 1

CPU:total 4 (2 cores per cpu, 2 threads per core) family 6 model 42 stepping 7, cmov, cx8, fxsr, mmx, sse, sse2, sse3, ssse3, sse4.1, sse4.2, popcnt, avx, ht, tsc, tscinvbit

Memory: 4k page, physical 6183084k(2545652k free), swap 10375524k(5727696k free)

vm_info: Java HotSpot(TM) Client VM (24.65-b04) for windows-x86 JRE (1.7.0_67-b01), built on Jul 25 2014 10:20:53 by "java_re" with unknown MS VC++:1600

time: Sat Sep 13 09:30:10 2014
elapsed time: 0 seconds

